[www.szynalski.com/tone-generator/index.html]
[backblue.gif]
[fade.gif]
[index.html]
[ajax.googleapis.com/ajax/libs/jquery/1.12.0/jquery.min.js]
[ajax.googleapis.com/ajax/libs/jqueryui/1.11.4/jquery-ui.min.js]
[www.szynalski.com/tone-generator/tone-generator.minid3d9.css]
[www.szynalski.com/tone-generator/tone-generator-apple.png]
[pagead2.googlesyndication.com/pagead/js/f.txt]
[www.szynalski.com/tone-generator/frequency-generator.minic20a.js]
[www.google-analytics.com/analytics.js]
[www.szynalski.com/tone-generator/index.html]
[ajax.googleapis.com/ajax/libs/jqueryui/1.11.4/themes/smoothness/images/ui-bg_flat_75_ffffff_40x100.png]
[www.szynalski.com/tone-generator/privacy.html]
[ajax.googleapis.com/ajax/libs/jqueryui/1.11.4/themes/smoothness/images/ui-bg_highlight-soft_75_cccccc_1x100.png]
[ajax.googleapis.com/ajax/libs/jqueryui/1.11.4/themes/smoothness/images/ui-bg_glass_75_e6e6e6_1x400.png]
[ajax.googleapis.com/ajax/libs/jqueryui/1.11.4/themes/smoothness/images/ui-bg_glass_75_dadada_1x400.png]
[ajax.googleapis.com/ajax/libs/jqueryui/1.11.4/themes/smoothness/images/ui-bg_glass_65_ffffff_1x400.png]
[ajax.googleapis.com/ajax/libs/jqueryui/1.11.4/themes/smoothness/images/ui-bg_glass_55_fbf9ee_1x400.png]
[ajax.googleapis.com/ajax/libs/jqueryui/1.11.4/themes/smoothness/images/ui-bg_glass_95_fef1ec_1x400.png]
[ajax.googleapis.com/ajax/libs/jqueryui/1.11.4/themes/smoothness/images/ui-icons_222222_256x240.png]
[ajax.googleapis.com/ajax/libs/jqueryui/1.11.4/themes/smoothness/images/ui-icons_888888_256x240.png]
[ajax.googleapis.com/ajax/libs/jqueryui/1.11.4/themes/smoothness/images/ui-icons_454545_256x240.png]
[ajax.googleapis.com/ajax/libs/jqueryui/1.11.4/themes/smoothness/images/ui-icons_2e83ff_256x240.png]
[ajax.googleapis.com/ajax/libs/jqueryui/1.11.4/themes/smoothness/images/ui-icons_cd0a0a_256x240.png]
[ajax.googleapis.com/ajax/libs/jqueryui/1.11.4/themes/smoothness/images/ui-bg_flat_0_aaaaaa_40x100.png]
[ajax.googleapis.com/ajax/libs/jqueryui/1.11.4/themes/smoothness/jquery-ui.css]
[www.szynalski.com/tone-generator/icons.png]
[www.szynalski.com/tone-generator/tone-generator.minid3d9.css]
[www.szynalski.com/tone-generator/tone-generator-favicon.png]
[www.szynalski.com/tone-generator/tone-generator.mini1679.css]
[www.szynalski.com/tone-generator/privacy.html]
[www.szynalski.com/tone-generator/tone-generator.mini1679.css]
